<?xml version="1.0" encoding="UTF-8"?>
<!-- Generated by org.testng.reporters.JUnitXMLReporter -->
<testsuite ignored="0" hostname="DESKTOP-CTKJV5C" failures="1" tests="4" name="Pet Test" time="21.33" errors="0" timestamp="2025-06-30T12:16:53 IST">
  <testcase classname="api.test.UserTests" name="testPostUser" time="9.133"/>
  <testcase classname="api.test.UserTests" name="testGetUserByName" time="5.357"/>
  <testcase classname="api.test.UserTests" name="testUpdateUserByName" time="4.559">
    <failure type="java.lang.AssertionError" message="expected [200] but found [404]">
      <![CDATA[java.lang.AssertionError: expected [200] but found [404]
at api.test.UserTests.testUpdateUserByName(UserTests.java:92)
at java.base/java.util.ArrayList.forEach(ArrayList.java:1596)
... Removed 36 stack frames]]>
    </failure>
  </testcase> <!-- testUpdateUserByName -->
  <testcase classname="api.test.UserTests" name="testDeleteUserByName" time="1.281"/>
</testsuite> <!-- Pet Test -->
