<?xml version="1.0" encoding="UTF-8"?>
<testsuite xmlns:xsi="http://www.w3.org/2001/XMLSchema-instance" xsi:noNamespaceSchemaLocation="https://maven.apache.org/surefire/maven-surefire-plugin/xsd/surefire-test-report-3.0.xsd" version="3.0" name="TestSuite" time="26.815" tests="4" errors="0" skipped="0" failures="0">
  <properties>
[...]
</properties>
  <testcase name="testPostUser" classname="api.test.UserTests" time="9.866">
    <system-out><![CDATA[11:19:40.941 [main] INFO  api.test.UserTests - Creating user with username: dinorah.rohan
HTTP/1.1 200 OK
Date: Tue, 01 Jul 2025 05:49:45 GMT
Content-Type: application/json
Transfer-Encoding: chunked
Connection: keep-alive
Access-Control-Allow-Origin: *
Access-Control-Allow-Methods: GET, POST, DELETE, PUT
Access-Control-Allow-Headers: Content-Type, api_key, Authorization
Server: Jetty(9.2.9.v20150224)

{
    "code": 200,
    "type": "unknown",
    "message": "841262455"
}
]]></system-out>
    <system-err><![CDATA[SLF4J: Failed to load class "org.slf4j.impl.StaticLoggerBinder".
SLF4J: Defaulting to no-operation (NOP) logger implementation
SLF4J: See http://www.slf4j.org/codes.html#StaticLoggerBinder for further details.
]]></system-err>
  </testcase>
  <testcase name="testGetUserByName" classname="api.test.UserTests" time="5.405">
    <system-out><![CDATA[11:19:50.805 [main] INFO  api.test.UserTests - Retrieving user with username: dinorah.rohan
Username: dinorah.rohan++++++
HTTP/1.1 200 OK
Date: Tue, 01 Jul 2025 05:49:52 GMT
Content-Type: application/json
Transfer-Encoding: chunked
Connection: keep-alive
Access-Control-Allow-Origin: *
Access-Control-Allow-Methods: GET, POST, DELETE, PUT
Access-Control-Allow-Headers: Content-Type, api_key, Authorization
Server: Jetty(9.2.9.v20150224)

{
    "id": 841262455,
    "username": "dinorah.rohan",
    "firstName": "Mildred",
    "lastName": "Murray",
    "email": "juliane.wyman@example.com",
    "password": "1qk5ozhhv",
    "phone": "1-920-905-9629",
    "userStatus": 0
}
]]></system-out>
  </testcase>
  <testcase name="testUpdateUserByName" classname="api.test.UserTests" time="7.65">
    <system-out><![CDATA[11:19:56.214 [main] INFO  api.test.UserTests - Updating user with username: dinorah.rohan
Updated Username: dinorah.rohan++++++
{
    "code": 200,
    "type": "unknown",
    "message": "841262455"
}
Username after updation: dinorah.rohan++++++
HTTP/1.1 200 OK
Date: Tue, 01 Jul 2025 05:50:01 GMT
Content-Type: application/json
Transfer-Encoding: chunked
Connection: keep-alive
Access-Control-Allow-Origin: *
Access-Control-Allow-Methods: GET, POST, DELETE, PUT
Access-Control-Allow-Headers: Content-Type, api_key, Authorization
Server: Jetty(9.2.9.v20150224)

{
    "id": 841262455,
    "username": "dinorah.rohan",
    "firstName": "Mildred",
    "lastName": "Murray",
    "email": "juliane.wyman@example.com",
    "password": "1qk5ozhhv",
    "phone": "1-920-905-9629",
    "userStatus": 0
}
]]></system-out>
  </testcase>
  <testcase name="testDeleteUserByName" classname="api.test.UserTests" time="1.324">
    <system-out><![CDATA[11:20:03.868 [main] INFO  api.test.UserTests - Deleting user with username: dinorah.rohan
Username before deletion: dinorah.rohan++++++
]]></system-out>
  </testcase>
</testsuite>