<?xml version="1.0" encoding="UTF-8"?>
<testng-results ignored="0" total="4" passed="4" failed="0" skipped="0">
  <reporter-output>
  </reporter-output>
  <suite started-at="2025-07-01T11:19:39 IST" name="PetStore_API_Suite" finished-at="2025-07-01T11:20:05 IST" duration-ms="25609">
    <groups>
    </groups>
    <test started-at="2025-07-01T11:19:39 IST" name="Pet Test" finished-at="2025-07-01T11:20:05 IST" duration-ms="25609">
      <class name="api.test.UserTests">
        <test-method is-config="true" signature="setup()[pri:0, instance:api.test.UserTests@384ad17b]" started-at="2025-07-01T11:19:39 IST" name="setup" finished-at="2025-07-01T11:19:40 IST" duration-ms="922" status="PASS">
          <reporter-output>
          </reporter-output>
        </test-method> <!-- setup -->
        <test-method signature="testPostUser()[pri:1, instance:api.test.UserTests@384ad17b]" started-at="2025-07-01T11:19:40 IST" name="testPostUser" finished-at="2025-07-01T11:19:50 IST" duration-ms="9844" status="PASS">
          <reporter-output>
          </reporter-output>
        </test-method> <!-- testPostUser -->
        <test-method signature="testGetUserByName()[pri:2, instance:api.test.UserTests@384ad17b]" started-at="2025-07-01T11:19:50 IST" name="testGetUserByName" finished-at="2025-07-01T11:19:56 IST" duration-ms="5403" status="PASS">
          <reporter-output>
          </reporter-output>
        </test-method> <!-- testGetUserByName -->
        <test-method signature="testUpdateUserByName()[pri:3, instance:api.test.UserTests@384ad17b]" started-at="2025-07-01T11:19:56 IST" name="testUpdateUserByName" finished-at="2025-07-01T11:20:03 IST" duration-ms="7649" status="PASS">
          <reporter-output>
          </reporter-output>
        </test-method> <!-- testUpdateUserByName -->
        <test-method signature="testDeleteUserByName()[pri:4, instance:api.test.UserTests@384ad17b]" started-at="2025-07-01T11:20:03 IST" name="testDeleteUserByName" finished-at="2025-07-01T11:20:05 IST" duration-ms="1322" status="PASS">
          <reporter-output>
          </reporter-output>
        </test-method> <!-- testDeleteUserByName -->
      </class> <!-- api.test.UserTests -->
    </test> <!-- Pet Test -->
  </suite> <!-- PetStore_API_Suite -->
</testng-results>
